<?xml version="1.0" encoding="UTF-8"?>
<testsuite name="HelloTest" tests="2" skipped="0" failures="0" errors="0" timestamp="2018-09-20T09:17:23" hostname="DESKTOP-S9GHMNG" time="0.008">
  <properties/>
  <testcase name="testFileEquals" classname="HelloTest" time="0.007"/>
  <testcase name="testFileNotFound" classname="HelloTest" time="0.001"/>
  <system-out><![CDATA[]]></system-out>
  <system-err><![CDATA[]]></system-err>
</testsuite>
